<?xml version="1.0" encoding="UTF-8"?>
<testsuite name="com.samikoivu.agent86.callbacks.RequestCollectorTest" tests="1" skipped="0" failures="0" errors="0" timestamp="2018-10-06T04:38:11" hostname="SKOIVU-BR" time="1.012">
  <properties/>
  <testcase name="test()" classname="com.samikoivu.agent86.callbacks.RequestCollectorTest" time="1.012"/>
  <system-out><![CDATA[]]></system-out>
  <system-err><![CDATA[]]></system-err>
</testsuite>
