<?xml version="1.0" encoding="UTF-8"?>
<testsuite name="com.samikoivu.agent86.lib.IDGeneratorTest" tests="1" skipped="0" failures="0" errors="0" timestamp="2018-10-06T04:38:12" hostname="SKOIVU-BR" time="0.002">
  <properties/>
  <testcase name="assertUniqueGeneratedIDs()" classname="com.samikoivu.agent86.lib.IDGeneratorTest" time="0.002"/>
  <system-out><![CDATA[76cc36d9986ff669
cbcc9c4daa6f0a45
6e8ea1cc5c61489d
]]></system-out>
  <system-err><![CDATA[]]></system-err>
</testsuite>
