<?xml version="1.0" encoding="UTF-8"?>
<testsuite name="com.samikoivu.agent86.lib.InspectorInjectorTest" tests="6" skipped="0" failures="0" errors="0" timestamp="2018-10-24T23:45:59" hostname="SKOIVU-BR" time="0.215">
  <properties/>
  <testcase name="testIsFor()" classname="com.samikoivu.agent86.lib.InspectorInjectorTest" time="0.012"/>
  <testcase name="testMethodListing()" classname="com.samikoivu.agent86.lib.InspectorInjectorTest" time="0.136"/>
  <testcase name="testIsForNoProvidedClassName()" classname="com.samikoivu.agent86.lib.InspectorInjectorTest" time="0.012"/>
  <testcase name="testInjectionAtReturn()" classname="com.samikoivu.agent86.lib.InspectorInjectorTest" time="0.026"/>
  <testcase name="testInjectionAtStart()" classname="com.samikoivu.agent86.lib.InspectorInjectorTest" time="0.011"/>
  <testcase name="testInjectionPassingArgs()" classname="com.samikoivu.agent86.lib.InspectorInjectorTest" time="0.01"/>
  <system-out><![CDATA[Callback with: 3 7 11
]]></system-out>
  <system-err><![CDATA[]]></system-err>
</testsuite>
