<?xml version="1.0" encoding="UTF-8"?>
<testsuite name="com.samikoivu.agent86.lib.IDGeneratorTest" tests="1" skipped="0" failures="0" errors="0" timestamp="2018-10-24T23:45:59" hostname="SKOIVU-BR" time="0.009">
  <properties/>
  <testcase name="assertUniqueGeneratedIDs()" classname="com.samikoivu.agent86.lib.IDGeneratorTest" time="0.009"/>
  <system-out><![CDATA[ddaf143822192356
59013d71cb41f6d4
af5ac00c3bb4a6bd
]]></system-out>
  <system-err><![CDATA[]]></system-err>
</testsuite>
