<?xml version="1.0" encoding="UTF-8"?>
<testsuite name="com.samikoivu.agent86.callbacks.ClassCollectorTest" tests="1" skipped="0" failures="0" errors="0" timestamp="2018-10-06T04:38:11" hostname="SKOIVU-BR" time="0.003">
  <properties/>
  <testcase name="testClassCollection()" classname="com.samikoivu.agent86.callbacks.ClassCollectorTest" time="0.003"/>
  <system-out><![CDATA[]]></system-out>
  <system-err><![CDATA[]]></system-err>
</testsuite>
